0 info it worked if it ends with ok
1 verbose cli [ 'C:\\Program Files\\nodejs\\node.exe',
1 verbose cli   'C:\\Users\\Administrator\\AppData\\Roaming\\npm\\node_modules\\npm\\bin\\npm-cli.js',
1 verbose cli   'run',
1 verbose cli   'watch' ]
2 info using npm@3.10.9
3 info using node@v6.9.1
4 verbose run-script [ 'prewatch', 'watch', 'postwatch' ]
5 info lifecycle ionic-conference-app@~prewatch: ionic-conference-app@
6 silly lifecycle ionic-conference-app@~prewatch: no script for prewatch, continuing
7 info lifecycle ionic-conference-app@~watch: ionic-conference-app@
8 verbose lifecycle ionic-conference-app@~watch: unsafe-perm in lifecycle true
9 verbose lifecycle ionic-conference-app@~watch: PATH: C:\Users\Administrator\AppData\Roaming\npm\node_modules\npm\bin\node-gyp-bin;C:\Users\Administrator\Desktop\ionic\myAPP1\node_modules\.bin;C:\WINDOWS\system32;C:\WINDOWS;C:\WINDOWS\System32\Wbem;C:\WINDOWS\System32\WindowsPowerShell\v1.0\;c:\tools;C:\Program Files\Git\cmd;C:\Program Files\nodejs\;C:\Users\Administrator\AppData\Local\Microsoft\WindowsApps;C:\Users\Administrator\AppData\Local\atom\bin;C:\tools\android-sdk-windows;C:\tools\android-sdk-windows\tools;C:\Users\Administrator\AppData\Roaming\npm
10 verbose lifecycle ionic-conference-app@~watch: CWD: C:\Users\Administrator\Desktop\ionic\myAPP1
11 silly lifecycle ionic-conference-app@~watch: Args: [ '/d /s /c', 'ionic-app-scripts watch' ]
12 silly lifecycle ionic-conference-app@~watch: Returned: code: 1  signal: null
13 info lifecycle ionic-conference-app@~watch: Failed to exec watch script
14 verbose stack Error: ionic-conference-app@ watch: `ionic-app-scripts watch`
14 verbose stack Exit status 1
14 verbose stack     at EventEmitter.<anonymous> (C:\Users\Administrator\AppData\Roaming\npm\node_modules\npm\lib\utils\lifecycle.js:255:16)
14 verbose stack     at emitTwo (events.js:106:13)
14 verbose stack     at EventEmitter.emit (events.js:191:7)
14 verbose stack     at ChildProcess.<anonymous> (C:\Users\Administrator\AppData\Roaming\npm\node_modules\npm\lib\utils\spawn.js:40:14)
14 verbose stack     at emitTwo (events.js:106:13)
14 verbose stack     at ChildProcess.emit (events.js:191:7)
14 verbose stack     at maybeClose (internal/child_process.js:877:16)
14 verbose stack     at Process.ChildProcess._handle.onexit (internal/child_process.js:226:5)
15 verbose pkgid ionic-conference-app@
16 verbose cwd C:\Users\Administrator\Desktop\ionic\myAPP1
17 error Windows_NT 10.0.14393
18 error argv "C:\\Program Files\\nodejs\\node.exe" "C:\\Users\\Administrator\\AppData\\Roaming\\npm\\node_modules\\npm\\bin\\npm-cli.js" "run" "watch"
19 error node v6.9.1
20 error npm  v3.10.9
21 error code ELIFECYCLE
22 error ionic-conference-app@ watch: `ionic-app-scripts watch`
22 error Exit status 1
23 error Failed at the ionic-conference-app@ watch script 'ionic-app-scripts watch'.
23 error Make sure you have the latest version of node.js and npm installed.
23 error If you do, this is most likely a problem with the ionic-conference-app package,
23 error not with npm itself.
23 error Tell the author that this fails on your system:
23 error     ionic-app-scripts watch
23 error You can get information on how to open an issue for this project with:
23 error     npm bugs ionic-conference-app
23 error Or if that isn't available, you can get their info via:
23 error     npm owner ls ionic-conference-app
23 error There is likely additional logging output above.
24 verbose exit [ 1, true ]
